Running Firefox as root in a regular user's session is not supported.  ($HOME is /home/sijia which is owned by sijia.)
Running Firefox as root in a regular user's session is not supported.  ($HOME is /home/sijia which is owned by sijia.)
Running Firefox as root in a regular user's session is not supported.  ($HOME is /home/sijia which is owned by sijia.)
/usr/bin/xdg-open: 851: /usr/bin/xdg-open: iceweasel: not found
/usr/bin/xdg-open: 851: /usr/bin/xdg-open: seamonkey: not found
/usr/bin/xdg-open: 851: /usr/bin/xdg-open: mozilla: not found
/usr/bin/xdg-open: 851: /usr/bin/xdg-open: epiphany: not found
/usr/bin/xdg-open: 851: /usr/bin/xdg-open: konqueror: not found
/usr/bin/xdg-open: 851: /usr/bin/xdg-open: chromium: not found
/usr/bin/xdg-open: 851: /usr/bin/xdg-open: chromium-browser: not found
/usr/bin/xdg-open: 851: /usr/bin/xdg-open: google-chrome: not found
/usr/bin/xdg-open: 851: /usr/bin/xdg-open: www-browser: not found
/usr/bin/xdg-open: 851: /usr/bin/xdg-open: links2: not found
/usr/bin/xdg-open: 851: /usr/bin/xdg-open: elinks: not found
/usr/bin/xdg-open: 851: /usr/bin/xdg-open: links: not found
/usr/bin/xdg-open: 851: /usr/bin/xdg-open: lynx: not found
/usr/bin/xdg-open: 851: /usr/bin/xdg-open: w3m: not found
xdg-open: no method available for opening 'http://localhost:8888'
Running Firefox as root in a regular user's session is not supported.  ($HOME is /home/sijia which is owned by sijia.)
Running Firefox as root in a regular user's session is not supported.  ($HOME is /home/sijia which is owned by sijia.)
Running Firefox as root in a regular user's session is not supported.  ($HOME is /home/sijia which is owned by sijia.)
/usr/bin/xdg-open: 851: /usr/bin/xdg-open: iceweasel: not found
/usr/bin/xdg-open: 851: /usr/bin/xdg-open: seamonkey: not found
/usr/bin/xdg-open: 851: /usr/bin/xdg-open: mozilla: not found
/usr/bin/xdg-open: 851: /usr/bin/xdg-open: epiphany: not found
/usr/bin/xdg-open: 851: /usr/bin/xdg-open: konqueror: not found
/usr/bin/xdg-open: 851: /usr/bin/xdg-open: chromium: not found
/usr/bin/xdg-open: 851: /usr/bin/xdg-open: chromium-browser: not found
/usr/bin/xdg-open: 851: /usr/bin/xdg-open: google-chrome: not found
/usr/bin/xdg-open: 851: /usr/bin/xdg-open: www-browser: not found
/usr/bin/xdg-open: 851: /usr/bin/xdg-open: links2: not found
/usr/bin/xdg-open: 851: /usr/bin/xdg-open: elinks: not found
/usr/bin/xdg-open: 851: /usr/bin/xdg-open: links: not found
/usr/bin/xdg-open: 851: /usr/bin/xdg-open: lynx: not found
/usr/bin/xdg-open: 851: /usr/bin/xdg-open: w3m: not found
xdg-open: no method available for opening 'http://localhost:8888'
